INFO    | Android emulator version 35.2.10.0 (build_id 12414864) (CL:N/A)
INFO    | Graphics backend: gfxstream
INFO    | Found systemPath /home/mian/Android/Sdk/system-images/android-35/google_apis_playstore_ps16k/x86_64/
INFO    | Duplicate loglines will be removed, if you wish to see each individual line launch with the -log-nofilter flag.
INFO    | Storing crashdata in: /tmp/android-mian/emu-crash-35.2.10.db, detection is enabled for process: 7989
library_mode swiftshader_indirect gpu mode swiftshader_indirect
INFO    | emuglConfig_get_vulkan_hardware_gpu: Using gpu 'Intel(R) HD Graphics 5500 (BDW GT2)' for vulkan support

INFO    | Initializing hardware OpenGLES emulation support
android_startOpenglesRenderer: gpu infoI0211 17:28:46.525606    7989 FrameBuffer.cpp:262] Not raising nofile soft limit from 1048576.
I0211 17:28:46.526018    7989 HealthMonitor.cpp:279] HealthMonitor disabled.
I0211 17:28:46.526119    7989 VulkanDispatch.cpp:78] initIcdPaths: ICD set to 'swiftshader', using Swiftshader ICD
I0211 17:28:46.526163    7989 VulkanDispatch.cpp:47] Setting ICD filenames for the loader = /home/mian/Android/Sdk/emulator/qemu/linux-x86_64/lib64/vulkan/vk_swiftshader_icd.json:/home/mian/Android/Sdk/emulator/lib64/vulkan/vk_swiftshader_icd.json
I0211 17:28:46.526798    7989 VulkanDispatch.cpp:137] Added library: /home/mian/Android/Sdk/emulator/lib64/vulkan/libvulkan.so
W0211 17:28:46.543695    7989 VkCommonOperations.cpp:1169] Selecting Vulkan device: SwiftShader Device (Subzero), Version: 1.3.0
initialize: Supports id properties, got a vulkan device UUID
I0211 17:28:46.676879    7989 VkCommonOperations.cpp:1531] Initializing VkEmulation features:
I0211 17:28:46.676919    7989 VkCommonOperations.cpp:1532]     glInteropSupported: false
I0211 17:28:46.676928    7989 VkCommonOperations.cpp:1533]     useDeferredCommands: true
I0211 17:28:46.676933    7989 VkCommonOperations.cpp:1535]     createResourceWithRequirements: true
I0211 17:28:46.676937    7989 VkCommonOperations.cpp:1536]     useVulkanComposition: false
I0211 17:28:46.676942    7989 VkCommonOperations.cpp:1537]     useVulkanNativeSwapchain: false
I0211 17:28:46.676946    7989 VkCommonOperations.cpp:1538]     enable guestRenderDoc: false
I0211 17:28:46.676950    7989 VkCommonOperations.cpp:1539]     ASTC LDR emulation mode: 2
I0211 17:28:46.676955    7989 VkCommonOperations.cpp:1540]     enable ETC2 emulation: true
I0211 17:28:46.676959    7989 VkCommonOperations.cpp:1541]     enable Ycbcr emulation: false
I0211 17:28:46.676963    7989 VkCommonOperations.cpp:1542]     guestVulkanOnly: false
I0211 17:28:46.676967    7989 VkCommonOperations.cpp:1543]     useDedicatedAllocations: false
I0211 17:28:46.679071    7989 FrameBuffer.cpp:522] Graphics Adapter Vendor Google (Google Inc.)
I0211 17:28:46.679099    7989 FrameBuffer.cpp:523] Graphics Adapter Android Emulator OpenGL ES Translator (Google SwiftShader)
I0211 17:28:46.679106    7989 FrameBuffer.cpp:524] Graphics API Version OpenGL ES 3.0 (OpenGL ES 3.0 SwiftShader 4.0.0.1)
I0211 17:28:46.679110    7989 FrameBuffer.cpp:525] Graphics API Extensions GL_OES_EGL_sync GL_OES_EGL_image GL_OES_EGL_image_external GL_OES_depth24 GL_OES_depth32 GL_OES_element_index_uint GL_OES_texture_float GL_OES_texture_float_linear GL_OES_compressed_paletted_texture GL_OES_compressed_ETC1_RGB8_texture GL_OES_depth_texture GL_OES_texture_half_float GL_OES_texture_half_float_linear GL_OES_packed_depth_stencil GL_OES_vertex_half_float GL_OES_standard_derivatives GL_OES_texture_npot GL_OES_rgb8_rgba8 GL_EXT_color_buffer_float GL_EXT_color_buffer_half_float GL_EXT_texture_format_BGRA8888 GL_APPLE_texture_format_BGRA8888 
I0211 17:28:46.679115    7989 FrameBuffer.cpp:526] Graphics Device Extensions N/A
INFO    | Sending adb public key [QAAAAC/aiE0xU7/PF0Y5eFzX9SgEOj9Tj+7u9NREty6pp20PN78IiloF2Gg8sfg9OlHihwga3QKY9ApDJfSgaannNCnQCive1eUs99N/lQTsN9aPNxIMcMAwJMxvfsJ7fpGyEKIKnHaJpGClG8iEwhkII+pjYS9Dgb9YMy47AM0Csei7Bwbafc5YJ/rilFhGL4ylC/UU1xiUpjWyhgSKZ2a0wspKqFz6cZe6RLw36dygt/gwaLmmsHUVtOpjAs1yNLNRcV4fzGIjp+L9/qIMmsYbJ/f8gSSwTyYRPh54v14eRJWKHf1ZZdGqJ7IUsnIgXR31F46C885avxotFu6uLT0ZyzhZZV+RSfLCx/nSy1+2VJgdry6ED2PUiwWCBbR9kNDjUOuhXxc15FqAZtXSxEF1EVjnvHdWMK30yjOyNDqKB7dxxA5x1eJKoY2zqTLcbziqfa/Hj4C4zqKwOBH4xBS1CDrDK9SWtkXqLr4GD9AdbRJ5cn4wqvdX+rR7bCfZV4yI/1TscUroIn6XgbtVWqtaa2cP5LKAiDktBi5v9kPF14ji39CqvI9ZOxmjtvsId0zM+FIS9eqVL7ROpQeVriNRHQfDOGweklw7xTqtdSvks5vCac9vw0pzZCfs6lJye6oE31oaojO8pdi7battb/ee3Izq316DTkbrHrOC2vDNyAdE4JjXAAEAAQA= mian@unknown]
pulseaudio: Failed to initialize PA contextCould not init `pa' audio driver
INFO    | Monitoring duration of emulator setup.
WARNING | The emulator now requires a signed jwt token for gRPC access! Use the -grpc flag if you really want an open unprotected grpc port
INFO    | Using security allow list from: /home/mian/Android/Sdk/emulator/lib/emulator_access.json
WARNING | *** Basic token auth should only be used by android-studio ***
INFO    | The active JSON Web Key Sets can be found here: /run/user/1000/avd/running/7989/jwks/c8d6522e-39cf-46af-972b-3481c34ed9f7/active.jwk
INFO    | Scanning /run/user/1000/avd/running/7989/jwks/c8d6522e-39cf-46af-972b-3481c34ed9f7 for jwk keys.
INFO    | Started GRPC server at 127.0.0.1:8554, security: Local, auth: +token
INFO    | Advertising in: /run/user/1000/avd/running/pid_7989.ini
INFO    | Qemu slirp is disabled.
I0211 17:28:46.833482    8045 FrameBuffer.cpp:2894] Setting display: 0 configuration to: 1080x2160, dpi: 440x440 
I0211 17:28:46.833535    8045 FrameBuffer.cpp:2907] setDisplayActiveConfig 0
INFO    | OpenGL Vendor=[Google (Google Inc.)]
INFO    | OpenGL Renderer=[Android Emulator OpenGL ES Translator (Google SwiftShader)]
INFO    | OpenGL Version=[OpenGL ES 3.0 (OpenGL ES 3.0 SwiftShader 4.0.0.1)]
INFO    | Emulator is performing a full startup. This may take upto two minutes, or more.
INFO    | Activated packet streamer for bluetooth emulation
INFO    | Android emulator version 35.2.10.0 (build_id 12414864) (CL:N/A)
INFO    | Graphics backend: gfxstream
INFO    | Found systemPath /home/mian/Android/Sdk/system-images/android-35/google_apis_playstore_ps16k/x86_64/
INFO    | Duplicate loglines will be removed, if you wish to see each individual line launch with the -log-nofilter flag.
ERROR   | Running multiple emulators with the same AVD 
ERROR   | is an experimental feature.
ERROR   | Please use -read-only flag to enable this feature.
INFO    | Boot completed in 134678 ms
INFO    | Increasing screen off timeout, logcat buffer size to 2M.
E0211 17:31:21.850299    8134 FrameBuffer.cpp:3628] Failed to find ColorBuffer:33
INFO    | Android emulator version 35.2.10.0 (build_id 12414864) (CL:N/A)
INFO    | Graphics backend: gfxstream
INFO    | Found systemPath /home/mian/Android/Sdk/system-images/android-35/google_apis_playstore_ps16k/x86_64/
INFO    | Duplicate loglines will be removed, if you wish to see each individual line launch with the -log-nofilter flag.
INFO    | Storing crashdata in: /tmp/android-mian/emu-crash-35.2.10.db, detection is enabled for process: 10377
library_mode swiftshader_indirect gpu mode swiftshader_indirect
INFO    | emuglConfig_get_vulkan_hardware_gpu: Using gpu 'Intel(R) HD Graphics 5500 (BDW GT2)' for vulkan support

INFO    | Initializing hardware OpenGLES emulation support
android_startOpenglesRenderer: gpu infoI0212 17:21:21.976008   10377 FrameBuffer.cpp:262] Not raising nofile soft limit from 1048576.
I0212 17:21:21.976445   10377 HealthMonitor.cpp:279] HealthMonitor disabled.
I0212 17:21:21.976594   10377 VulkanDispatch.cpp:78] initIcdPaths: ICD set to 'swiftshader', using Swiftshader ICD
I0212 17:21:21.976673   10377 VulkanDispatch.cpp:47] Setting ICD filenames for the loader = /home/mian/Android/Sdk/emulator/qemu/linux-x86_64/lib64/vulkan/vk_swiftshader_icd.json:/home/mian/Android/Sdk/emulator/lib64/vulkan/vk_swiftshader_icd.json
I0212 17:21:21.977317   10377 VulkanDispatch.cpp:137] Added library: /home/mian/Android/Sdk/emulator/lib64/vulkan/libvulkan.so
W0212 17:21:21.992979   10377 VkCommonOperations.cpp:1169] Selecting Vulkan device: SwiftShader Device (Subzero), Version: 1.3.0
initialize: Supports id properties, got a vulkan device UUID
I0212 17:21:22.136532   10377 VkCommonOperations.cpp:1531] Initializing VkEmulation features:
I0212 17:21:22.136601   10377 VkCommonOperations.cpp:1532]     glInteropSupported: false
I0212 17:21:22.136617   10377 VkCommonOperations.cpp:1533]     useDeferredCommands: true
I0212 17:21:22.136626   10377 VkCommonOperations.cpp:1535]     createResourceWithRequirements: true
I0212 17:21:22.136635   10377 VkCommonOperations.cpp:1536]     useVulkanComposition: false
I0212 17:21:22.136644   10377 VkCommonOperations.cpp:1537]     useVulkanNativeSwapchain: false
I0212 17:21:22.136653   10377 VkCommonOperations.cpp:1538]     enable guestRenderDoc: false
I0212 17:21:22.136662   10377 VkCommonOperations.cpp:1539]     ASTC LDR emulation mode: 2
I0212 17:21:22.136670   10377 VkCommonOperations.cpp:1540]     enable ETC2 emulation: true
I0212 17:21:22.136679   10377 VkCommonOperations.cpp:1541]     enable Ycbcr emulation: false
I0212 17:21:22.136686   10377 VkCommonOperations.cpp:1542]     guestVulkanOnly: false
I0212 17:21:22.136695   10377 VkCommonOperations.cpp:1543]     useDedicatedAllocations: false
I0212 17:21:22.139291   10377 FrameBuffer.cpp:522] Graphics Adapter Vendor Google (Google Inc.)
I0212 17:21:22.139338   10377 FrameBuffer.cpp:523] Graphics Adapter Android Emulator OpenGL ES Translator (Google SwiftShader)
I0212 17:21:22.139352   10377 FrameBuffer.cpp:524] Graphics API Version OpenGL ES 3.0 (OpenGL ES 3.0 SwiftShader 4.0.0.1)
I0212 17:21:22.139362   10377 FrameBuffer.cpp:525] Graphics API Extensions GL_OES_EGL_sync GL_OES_EGL_image GL_OES_EGL_image_external GL_OES_depth24 GL_OES_depth32 GL_OES_element_index_uint GL_OES_texture_float GL_OES_texture_float_linear GL_OES_compressed_paletted_texture GL_OES_compressed_ETC1_RGB8_texture GL_OES_depth_texture GL_OES_texture_half_float GL_OES_texture_half_float_linear GL_OES_packed_depth_stencil GL_OES_vertex_half_float GL_OES_standard_derivatives GL_OES_texture_npot GL_OES_rgb8_rgba8 GL_EXT_color_buffer_float GL_EXT_color_buffer_half_float GL_EXT_texture_format_BGRA8888 GL_APPLE_texture_format_BGRA8888 
I0212 17:21:22.139372   10377 FrameBuffer.cpp:526] Graphics Device Extensions N/A
INFO    | Sending adb public key [QAAAAC/aiE0xU7/PF0Y5eFzX9SgEOj9Tj+7u9NREty6pp20PN78IiloF2Gg8sfg9OlHihwga3QKY9ApDJfSgaannNCnQCive1eUs99N/lQTsN9aPNxIMcMAwJMxvfsJ7fpGyEKIKnHaJpGClG8iEwhkII+pjYS9Dgb9YMy47AM0Csei7Bwbafc5YJ/rilFhGL4ylC/UU1xiUpjWyhgSKZ2a0wspKqFz6cZe6RLw36dygt/gwaLmmsHUVtOpjAs1yNLNRcV4fzGIjp+L9/qIMmsYbJ/f8gSSwTyYRPh54v14eRJWKHf1ZZdGqJ7IUsnIgXR31F46C885avxotFu6uLT0ZyzhZZV+RSfLCx/nSy1+2VJgdry6ED2PUiwWCBbR9kNDjUOuhXxc15FqAZtXSxEF1EVjnvHdWMK30yjOyNDqKB7dxxA5x1eJKoY2zqTLcbziqfa/Hj4C4zqKwOBH4xBS1CDrDK9SWtkXqLr4GD9AdbRJ5cn4wqvdX+rR7bCfZV4yI/1TscUroIn6XgbtVWqtaa2cP5LKAiDktBi5v9kPF14ji39CqvI9ZOxmjtvsId0zM+FIS9eqVL7ROpQeVriNRHQfDOGweklw7xTqtdSvks5vCac9vw0pzZCfs6lJye6oE31oaojO8pdi7battb/ee3Izq316DTkbrHrOC2vDNyAdE4JjXAAEAAQA= mian@unknown]
pulseaudio: Failed to initialize PA contextCould not init `pa' audio driver
INFO    | Monitoring duration of emulator setup.
WARNING | The emulator now requires a signed jwt token for gRPC access! Use the -grpc flag if you really want an open unprotected grpc port
INFO    | Using security allow list from: /home/mian/Android/Sdk/emulator/lib/emulator_access.json
WARNING | *** Basic token auth should only be used by android-studio ***
INFO    | The active JSON Web Key Sets can be found here: /run/user/1000/avd/running/10377/jwks/3f442a2c-74cc-4ae1-ae23-c5c9d524d952/active.jwk
INFO    | Scanning /run/user/1000/avd/running/10377/jwks/3f442a2c-74cc-4ae1-ae23-c5c9d524d952 for jwk keys.
INFO    | Started GRPC server at 127.0.0.1:8554, security: Local, auth: +token
INFO    | Advertising in: /run/user/1000/avd/running/pid_10377.ini
INFO    | Qemu slirp is disabled.
I0212 17:21:22.357264   10432 FrameBuffer.cpp:2894] Setting display: 0 configuration to: 1080x2160, dpi: 440x440 
I0212 17:21:22.357353   10432 FrameBuffer.cpp:2907] setDisplayActiveConfig 0
INFO    | OpenGL Vendor=[Google (Google Inc.)]
INFO    | OpenGL Renderer=[Android Emulator OpenGL ES Translator (Google SwiftShader)]
INFO    | OpenGL Version=[OpenGL ES 3.0 (OpenGL ES 3.0 SwiftShader 4.0.0.1)]
INFO    | Emulator is performing a full startup. This may take upto two minutes, or more.
INFO    | Activated packet streamer for bluetooth emulation
INFO    | Boot completed in 151682 ms
INFO    | Increasing screen off timeout, logcat buffer size to 2M.
